<?xml version="1.0" encoding="UTF-8"?>
<testsuite name="Academy Choucair" tests="1" skipped="0" failures="0" errors="0" timestamp="2021-03-18T02:44:47" hostname="antonio" time="28.983">
  <properties/>
  <testcase name="Search for automation course" classname="Academy Choucair" time="28.983"/>
  <system-out><![CDATA[]]></system-out>
  <system-err><![CDATA[[Test worker] WARN net.thucydides.core.steps.BaseStepListener - stepStarted: net.thucydides.core.steps.ExecutedStepDescription@686b9491
[Test worker] WARN net.thucydides.core.steps.BaseStepListener - stepStarted: net.thucydides.core.steps.ExecutedStepDescription@182159e1
[Test worker] WARN net.thucydides.core.steps.BaseStepListener - stepStarted: net.thucydides.core.steps.ExecutedStepDescription@18221315
mar 17, 2021 9:44:48 PM org.openqa.selenium.remote.DesiredCapabilities chrome
INFORMACIÓN: Using `new ChromeOptions()` is preferred to `DesiredCapabilities.chrome()`
[Test worker] INFO net.serenitybdd.core.webdriver.driverproviders.ProvideNewDriver - Instantiating driver
[Test worker] INFO net.serenitybdd.core.webdriver.driverproviders.ProvideNewDriver - Driver capabilities: Capabilities {acceptInsecureCerts: false, browserName: chrome, chrome.switches: --start-maximized, goog:chromeOptions: {args: [--start-maximized], extensions: []}, loggingPrefs: org.openqa.selenium.logging..., platform: ANY, version: }
Starting ChromeDriver 89.0.4389.23 (61b08ee2c50024bab004e48d2b1b083cdbdac579-refs/branch-heads/4389@{#294}) on port 18005
Only local connections are allowed.
Please see https://chromedriver.chromium.org/security-considerations for suggestions on keeping ChromeDriver safe.
ChromeDriver was started successfully.
mar 17, 2021 9:44:51 PM org.openqa.selenium.remote.ProtocolHandshake createSession
INFORMACIÓN: Detected dialect: W3C
[Test worker] WARN net.thucydides.core.steps.BaseStepListener - stepFinished: current outcome:Search for automation course:Given than brandon wants to learn automation at the academy Choucair
| strUser | strPassword |
| 88432063 | Choucair2021* | [Brandon open up [Brandon opens the Choucair academy page]]
[Test worker] WARN net.thucydides.core.steps.BaseStepListener - stepFinished: current outcome:Search for automation course:Given than brandon wants to learn automation at the academy Choucair
| strUser | strPassword |
| 88432063 | Choucair2021* | [Brandon open up [Brandon opens the Choucair academy page]]
[Test worker] WARN net.thucydides.core.steps.BaseStepListener - stepStarted: net.thucydides.core.steps.ExecutedStepDescription@36d4b5dd
[Test worker] WARN net.thucydides.core.steps.BaseStepListener - stepStarted: net.thucydides.core.steps.ExecutedStepDescription@1bf833c8
[Test worker] WARN net.thucydides.core.steps.BaseStepListener - stepFinished: current outcome:Search for automation course:Given than brandon wants to learn automation at the academy Choucair
| strUser | strPassword |
| 88432063 | Choucair2021* | [Brandon open up [Brandon opens the Choucair academy page], Brandon login [Brandon clicks on button that shows us the form to login]]
[Test worker] WARN net.thucydides.core.steps.BaseStepListener - stepStarted: net.thucydides.core.steps.ExecutedStepDescription@c1c6121
[Test worker] WARN net.thucydides.core.steps.BaseStepListener - stepFinished: current outcome:Search for automation course:Given than brandon wants to learn automation at the academy Choucair
| strUser | strPassword |
| 88432063 | Choucair2021* | [Brandon open up [Brandon opens the Choucair academy page], Brandon login [Brandon clicks on button that shows us the form to login, Brandon enters '88432063' into where do you write the user]]
[Test worker] WARN net.thucydides.core.steps.BaseStepListener - stepStarted: net.thucydides.core.steps.ExecutedStepDescription@17b03b8b
[Test worker] WARN net.thucydides.core.steps.BaseStepListener - stepFinished: current outcome:Search for automation course:Given than brandon wants to learn automation at the academy Choucair
| strUser | strPassword |
| 88432063 | Choucair2021* | [Brandon open up [Brandon opens the Choucair academy page], Brandon login [Brandon clicks on button that shows us the form to login, Brandon enters '88432063' into where do you write the user, Brandon enters 'Choucair2021*' into where do you write the password]]
[Test worker] WARN net.thucydides.core.steps.BaseStepListener - stepStarted: net.thucydides.core.steps.ExecutedStepDescription@21d960b1
[Test worker] WARN net.thucydides.core.steps.BaseStepListener - stepFinished: current outcome:Search for automation course:Given than brandon wants to learn automation at the academy Choucair
| strUser | strPassword |
| 88432063 | Choucair2021* | [Brandon open up [Brandon opens the Choucair academy page], Brandon login [Brandon clicks on button that shows us the form to login, Brandon enters '88432063' into where do you write the user, Brandon enters 'Choucair2021*' into where do you write the password, Brandon clicks on button to confirm login]]
[Test worker] WARN net.thucydides.core.steps.BaseStepListener - stepFinished: current outcome:Search for automation course:Given than brandon wants to learn automation at the academy Choucair
| strUser | strPassword |
| 88432063 | Choucair2021* | [Brandon open up [Brandon opens the Choucair academy page], Brandon login [Brandon clicks on button that shows us the form to login, Brandon enters '88432063' into where do you write the user, Brandon enters 'Choucair2021*' into where do you write the password, Brandon clicks on button to confirm login]]
[Test worker] WARN net.thucydides.core.steps.BaseStepListener - stepFinished: current outcome:Search for automation course:Given than brandon wants to learn automation at the academy Choucair
| strUser | strPassword |
| 88432063 | Choucair2021* | [Brandon open up [Brandon opens the Choucair academy page], Brandon login [Brandon clicks on button that shows us the form to login, Brandon enters '88432063' into where do you write the user, Brandon enters 'Choucair2021*' into where do you write the password, Brandon clicks on button to confirm login]]
[Test worker] WARN net.thucydides.core.steps.BaseStepListener - stepStarted: net.thucydides.core.steps.ExecutedStepDescription@60959b37
[Test worker] WARN net.thucydides.core.steps.BaseStepListener - stepStarted: net.thucydides.core.steps.ExecutedStepDescription@66488cf4
[Test worker] WARN net.thucydides.core.steps.BaseStepListener - stepStarted: net.thucydides.core.steps.ExecutedStepDescription@20698d30
[Test worker] WARN net.thucydides.core.steps.BaseStepListener - stepFinished: current outcome:Search for automation course:Given than brandon wants to learn automation at the academy Choucair
| strUser | strPassword |
| 88432063 | Choucair2021* | [Brandon open up [Brandon opens the Choucair academy page], Brandon login [Brandon clicks on button that shows us the form to login, Brandon enters '88432063' into where do you write the user, Brandon enters 'Choucair2021*' into where do you write the password, Brandon clicks on button to confirm login]], When he search for the course on the choucair academy platform
| strCourse |
| Foundation Express | [Brandon search [Brandon clicks on Seleccionar Cursos y Certificaciones]]
[Test worker] WARN net.thucydides.core.steps.BaseStepListener - stepStarted: net.thucydides.core.steps.ExecutedStepDescription@dd9c1b9
[Test worker] WARN net.thucydides.core.steps.BaseStepListener - stepFinished: current outcome:Search for automation course:Given than brandon wants to learn automation at the academy Choucair
| strUser | strPassword |
| 88432063 | Choucair2021* | [Brandon open up [Brandon opens the Choucair academy page], Brandon login [Brandon clicks on button that shows us the form to login, Brandon enters '88432063' into where do you write the user, Brandon enters 'Choucair2021*' into where do you write the password, Brandon clicks on button to confirm login]], When he search for the course on the choucair academy platform
| strCourse |
| Foundation Express | [Brandon search [Brandon clicks on Seleccionar Cursos y Certificaciones, Brandon enters 'Foundation Express' into Buscar el curso]]
[Test worker] WARN net.thucydides.core.steps.BaseStepListener - stepStarted: net.thucydides.core.steps.ExecutedStepDescription@38515d99
[Test worker] WARN net.thucydides.core.steps.BaseStepListener - stepFinished: current outcome:Search for automation course:Given than brandon wants to learn automation at the academy Choucair
| strUser | strPassword |
| 88432063 | Choucair2021* | [Brandon open up [Brandon opens the Choucair academy page], Brandon login [Brandon clicks on button that shows us the form to login, Brandon enters '88432063' into where do you write the user, Brandon enters 'Choucair2021*' into where do you write the password, Brandon clicks on button to confirm login]], When he search for the course on the choucair academy platform
| strCourse |
| Foundation Express | [Brandon search [Brandon clicks on Seleccionar Cursos y Certificaciones, Brandon enters 'Foundation Express' into Buscar el curso, Brandon clicks on Da click para buscar el curso]]
[Test worker] WARN net.thucydides.core.steps.BaseStepListener - stepStarted: net.thucydides.core.steps.ExecutedStepDescription@4785d30f
[Test worker] WARN net.thucydides.core.steps.BaseStepListener - stepFinished: current outcome:Search for automation course:Given than brandon wants to learn automation at the academy Choucair
| strUser | strPassword |
| 88432063 | Choucair2021* | [Brandon open up [Brandon opens the Choucair academy page], Brandon login [Brandon clicks on button that shows us the form to login, Brandon enters '88432063' into where do you write the user, Brandon enters 'Choucair2021*' into where do you write the password, Brandon clicks on button to confirm login]], When he search for the course on the choucair academy platform
| strCourse |
| Foundation Express | [Brandon search [Brandon clicks on Seleccionar Cursos y Certificaciones, Brandon enters 'Foundation Express' into Buscar el curso, Brandon clicks on Da click para buscar el curso, Brandon clicks on Da click para seleccionar el curso]]
[Test worker] WARN net.thucydides.core.steps.BaseStepListener - stepFinished: current outcome:Search for automation course:Given than brandon wants to learn automation at the academy Choucair
| strUser | strPassword |
| 88432063 | Choucair2021* | [Brandon open up [Brandon opens the Choucair academy page], Brandon login [Brandon clicks on button that shows us the form to login, Brandon enters '88432063' into where do you write the user, Brandon enters 'Choucair2021*' into where do you write the password, Brandon clicks on button to confirm login]], When he search for the course on the choucair academy platform
| strCourse |
| Foundation Express | [Brandon search [Brandon clicks on Seleccionar Cursos y Certificaciones, Brandon enters 'Foundation Express' into Buscar el curso, Brandon clicks on Da click para buscar el curso, Brandon clicks on Da click para seleccionar el curso]]
[Test worker] WARN net.thucydides.core.steps.BaseStepListener - stepFinished: current outcome:Search for automation course:Given than brandon wants to learn automation at the academy Choucair
| strUser | strPassword |
| 88432063 | Choucair2021* | [Brandon open up [Brandon opens the Choucair academy page], Brandon login [Brandon clicks on button that shows us the form to login, Brandon enters '88432063' into where do you write the user, Brandon enters 'Choucair2021*' into where do you write the password, Brandon clicks on button to confirm login]], When he search for the course on the choucair academy platform
| strCourse |
| Foundation Express | [Brandon search [Brandon clicks on Seleccionar Cursos y Certificaciones, Brandon enters 'Foundation Express' into Buscar el curso, Brandon clicks on Da click para buscar el curso, Brandon clicks on Da click para seleccionar el curso]]
[Test worker] WARN net.thucydides.core.steps.BaseStepListener - stepStarted: net.thucydides.core.steps.ExecutedStepDescription@20000ec5
[Test worker] WARN net.thucydides.core.steps.BaseStepListener - stepStarted: net.thucydides.core.steps.ExecutedStepDescription@12f775db
[Test worker] WARN net.thucydides.core.steps.BaseStepListener - stepFinished: current outcome:Search for automation course:Given than brandon wants to learn automation at the academy Choucair
| strUser | strPassword |
| 88432063 | Choucair2021* | [Brandon open up [Brandon opens the Choucair academy page], Brandon login [Brandon clicks on button that shows us the form to login, Brandon enters '88432063' into where do you write the user, Brandon enters 'Choucair2021*' into where do you write the password, Brandon clicks on button to confirm login]], When he search for the course on the choucair academy platform
| strCourse |
| Foundation Express | [Brandon search [Brandon clicks on Seleccionar Cursos y Certificaciones, Brandon enters 'Foundation Express' into Buscar el curso, Brandon clicks on Da click para buscar el curso, Brandon clicks on Da click para seleccionar el curso]], Then he finds the course called
| strCourse |
| Foundation Express | [Then answer]
[Test worker] WARN net.thucydides.core.steps.BaseStepListener - stepFinished: current outcome:Search for automation course:Given than brandon wants to learn automation at the academy Choucair
| strUser | strPassword |
| 88432063 | Choucair2021* | [Brandon open up [Brandon opens the Choucair academy page], Brandon login [Brandon clicks on button that shows us the form to login, Brandon enters '88432063' into where do you write the user, Brandon enters 'Choucair2021*' into where do you write the password, Brandon clicks on button to confirm login]], When he search for the course on the choucair academy platform
| strCourse |
| Foundation Express | [Brandon search [Brandon clicks on Seleccionar Cursos y Certificaciones, Brandon enters 'Foundation Express' into Buscar el curso, Brandon clicks on Da click para buscar el curso, Brandon clicks on Da click para seleccionar el curso]], Then he finds the course called
| strCourse |
| Foundation Express | [Then answer]
[Test worker] WARN net.thucydides.core.steps.BaseStepListener - testFinished: Search for automation course:Given than brandon wants to learn automation at the academy Choucair
| strUser | strPassword |
| 88432063 | Choucair2021* | [Brandon open up [Brandon opens the Choucair academy page], Brandon login [Brandon clicks on button that shows us the form to login, Brandon enters '88432063' into where do you write the user, Brandon enters 'Choucair2021*' into where do you write the password, Brandon clicks on button to confirm login]], When he search for the course on the choucair academy platform
| strCourse |
| Foundation Express | [Brandon search [Brandon clicks on Seleccionar Cursos y Certificaciones, Brandon enters 'Foundation Express' into Buscar el curso, Brandon clicks on Da click para buscar el curso, Brandon clicks on Da click para seleccionar el curso]], Then he finds the course called
| strCourse |
| Foundation Express | [Then answer]
[Test worker] WARN net.thucydides.core.steps.BaseStepListener - TestOutcomes: [Search for automation course:Given than brandon wants to learn automation at the academy Choucair
| strUser | strPassword |
| 88432063 | Choucair2021* | [Brandon open up [Brandon opens the Choucair academy page], Brandon login [Brandon clicks on button that shows us the form to login, Brandon enters '88432063' into where do you write the user, Brandon enters 'Choucair2021*' into where do you write the password, Brandon clicks on button to confirm login]], When he search for the course on the choucair academy platform
| strCourse |
| Foundation Express | [Brandon search [Brandon clicks on Seleccionar Cursos y Certificaciones, Brandon enters 'Foundation Express' into Buscar el curso, Brandon clicks on Da click para buscar el curso, Brandon clicks on Da click para seleccionar el curso]], Then he finds the course called
| strCourse |
| Foundation Express | [Then answer]]
[Test worker] WARN net.thucydides.core.steps.BaseStepListener - Final testOutcomes: [Search for automation course:Given than brandon wants to learn automation at the academy Choucair
| strUser | strPassword |
| 88432063 | Choucair2021* | [Brandon open up [Brandon opens the Choucair academy page], Brandon login [Brandon clicks on button that shows us the form to login, Brandon enters '88432063' into where do you write the user, Brandon enters 'Choucair2021*' into where do you write the password, Brandon clicks on button to confirm login]], When he search for the course on the choucair academy platform
| strCourse |
| Foundation Express | [Brandon search [Brandon clicks on Seleccionar Cursos y Certificaciones, Brandon enters 'Foundation Express' into Buscar el curso, Brandon clicks on Da click para buscar el curso, Brandon clicks on Da click para seleccionar el curso]], Then he finds the course called
| strCourse |
| Foundation Express | [Then answer]]
[Test worker] INFO net.thucydides.core.steps.ConsoleLoggingListener - 
        __    _____ _____ ____ _____   ____   _    ____  ____  _____ ____  
  _     \ \  |_   _| ____/ ___|_   _| |  _ \ / \  / ___|/ ___|| ____|  _ \ 
 (_)_____| |   | | |  _| \___ \ | |   | |_) / _ \ \___ \\___ \|  _| | | | |
  _|_____| |   | | | |___ ___) || |   |  __/ ___ \ ___) |___) | |___| |_| |
 (_)     | |   |_| |_____|____/ |_|   |_| /_/   \_\____/|____/|_____|____/ 
        /_/                                                                

TEST PASSED: Search for automation course
----------------------------------------------------------------------------
]]></system-err>
</testsuite>
